2012-02-24 08:47:50 Error: [MissingControllerException] Controller class SController could not be found.
#0 M:\WORK-DMI\Web\wamp\www\launcher\launcher\webroot\index.php(96): Dispatcher->dispatch(Object(CakeRequest), Object(CakeResponse))
#1 {main}
2012-02-24 08:47:51 Error: [MissingControllerException] Controller class ShowcaseController could not be found.
#0 M:\WORK-DMI\Web\wamp\www\launcher\launcher\webroot\index.php(96): Dispatcher->dispatch(Object(CakeRequest), Object(CakeResponse))
#1 {main}
2012-02-24 08:47:53 Error: [MissingControllerException] Controller class ShowcaseController could not be found.
#0 M:\WORK-DMI\Web\wamp\www\launcher\launcher\webroot\index.php(96): Dispatcher->dispatch(Object(CakeRequest), Object(CakeResponse))
#1 {main}
2012-02-24 08:51:08 Error: [MissingControllerException] Controller class ShowcaseController could not be found.
#0 M:\WORK-DMI\Web\wamp\www\launcher\launcher\webroot\index.php(96): Dispatcher->dispatch(Object(CakeRequest), Object(CakeResponse))
#1 {main}
2012-02-24 08:51:20 Error: [MissingControllerException] Controller class ShowcaseController could not be found.
#0 M:\WORK-DMI\Web\wamp\www\launcher\launcher\webroot\index.php(96): Dispatcher->dispatch(Object(CakeRequest), Object(CakeResponse))
#1 {main}
2012-02-24 08:51:20 Error: [MissingControllerException] Controller class AshowcaseController could not be found.
#0 M:\WORK-DMI\Web\wamp\www\launcher\launcher\webroot\index.php(96): Dispatcher->dispatch(Object(CakeRequest), Object(CakeResponse))
#1 {main}
2012-02-24 08:51:21 Error: [MissingControllerException] Controller class LshowcaseController could not be found.
#0 M:\WORK-DMI\Web\wamp\www\launcher\launcher\webroot\index.php(96): Dispatcher->dispatch(Object(CakeRequest), Object(CakeResponse))
#1 {main}
2012-02-24 08:51:22 Error: [MissingControllerException] Controller class LaunchershowcaseController could not be found.
#0 M:\WORK-DMI\Web\wamp\www\launcher\launcher\webroot\index.php(96): Dispatcher->dispatch(Object(CakeRequest), Object(CakeResponse))
#1 {main}
2012-02-24 08:52:40 Error: [MissingControllerException] Controller class ShowcaseController could not be found.
#0 M:\WORK-DMI\Web\wamp\www\launcher\launcher\webroot\index.php(96): Dispatcher->dispatch(Object(CakeRequest), Object(CakeResponse))
#1 {main}
2012-02-24 08:52:42 Error: [MissingControllerException] Controller class ShowcaseController could not be found.
#0 M:\WORK-DMI\Web\wamp\www\launcher\launcher\webroot\index.php(96): Dispatcher->dispatch(Object(CakeRequest), Object(CakeResponse))
#1 {main}
2012-02-24 08:52:43 Error: [MissingControllerException] Controller class ShowcaseController could not be found.
#0 M:\WORK-DMI\Web\wamp\www\launcher\launcher\webroot\index.php(96): Dispatcher->dispatch(Object(CakeRequest), Object(CakeResponse))
#1 {main}
2012-02-24 08:52:43 Error: [MissingControllerException] Controller class ShowcaseController could not be found.
#0 M:\WORK-DMI\Web\wamp\www\launcher\launcher\webroot\index.php(96): Dispatcher->dispatch(Object(CakeRequest), Object(CakeResponse))
#1 {main}
2012-02-24 08:52:43 Error: [MissingControllerException] Controller class ShowcaseController could not be found.
#0 M:\WORK-DMI\Web\wamp\www\launcher\launcher\webroot\index.php(96): Dispatcher->dispatch(Object(CakeRequest), Object(CakeResponse))
#1 {main}
2012-02-24 08:52:46 Error: [MissingControllerException] Controller class LshowcaseController could not be found.
#0 M:\WORK-DMI\Web\wamp\www\launcher\launcher\webroot\index.php(96): Dispatcher->dispatch(Object(CakeRequest), Object(CakeResponse))
#1 {main}
2012-02-24 08:52:46 Error: [MissingControllerException] Controller class LashowcaseController could not be found.
#0 M:\WORK-DMI\Web\wamp\www\launcher\launcher\webroot\index.php(96): Dispatcher->dispatch(Object(CakeRequest), Object(CakeResponse))
#1 {main}
2012-02-24 09:45:12 Error: [MissingControllerException] Controller class LController could not be found.
#0 M:\WORK-DMI\Web\wamp\www\launcher\launcher\webroot\index.php(96): Dispatcher->dispatch(Object(CakeRequest), Object(CakeResponse))
#1 {main}
2012-02-24 09:45:13 Error: [MissingActionException] Action LauncherController::index() could not be found.
#0 M:\WORK-DMI\Web\wamp\www\launcher\lib\Cake\Routing\Dispatcher.php(104): Controller->invokeAction(Object(CakeRequest))
#1 M:\WORK-DMI\Web\wamp\www\launcher\lib\Cake\Routing\Dispatcher.php(86): Dispatcher->_invoke(Object(LauncherController), Object(CakeRequest), Object(CakeResponse))
#2 M:\WORK-DMI\Web\wamp\www\launcher\launcher\webroot\index.php(96): Dispatcher->dispatch(Object(CakeRequest), Object(CakeResponse))
#3 {main}
2012-02-24 09:45:13 Error: [MissingActionException] Action LauncherController::sh() could not be found.
#0 M:\WORK-DMI\Web\wamp\www\launcher\lib\Cake\Routing\Dispatcher.php(104): Controller->invokeAction(Object(CakeRequest))
#1 M:\WORK-DMI\Web\wamp\www\launcher\lib\Cake\Routing\Dispatcher.php(86): Dispatcher->_invoke(Object(LauncherController), Object(CakeRequest), Object(CakeResponse))
#2 M:\WORK-DMI\Web\wamp\www\launcher\launcher\webroot\index.php(96): Dispatcher->dispatch(Object(CakeRequest), Object(CakeResponse))
#3 {main}
2012-02-24 09:45:14 Error: [MissingActionException] Action LauncherController::sho() could not be found.
#0 M:\WORK-DMI\Web\wamp\www\launcher\lib\Cake\Routing\Dispatcher.php(104): Controller->invokeAction(Object(CakeRequest))
#1 M:\WORK-DMI\Web\wamp\www\launcher\lib\Cake\Routing\Dispatcher.php(86): Dispatcher->_invoke(Object(LauncherController), Object(CakeRequest), Object(CakeResponse))
#2 M:\WORK-DMI\Web\wamp\www\launcher\launcher\webroot\index.php(96): Dispatcher->dispatch(Object(CakeRequest), Object(CakeResponse))
#3 {main}
2012-02-24 10:03:46 Error: [com_exception] Parameter 0: Type mismatch.

#0 M:\WORK-DMI\Web\wamp\www\launcher\launcher\Controller\launcher_controller.php(13): LauncherController::runAsynchronously()
#1 M:\WORK-DMI\Web\wamp\www\launcher\launcher\Controller\launcher_controller.php(7): LauncherController->runAsynchronously('M:\Emulation\Em...')
#2 [internal function]: LauncherController->showcase()
#3 M:\WORK-DMI\Web\wamp\www\launcher\lib\Cake\Controller\Controller.php(473): ReflectionMethod->invokeArgs(Object(LauncherController), Array)
#4 M:\WORK-DMI\Web\wamp\www\launcher\lib\Cake\Routing\Dispatcher.php(104): Controller->invokeAction(Object(CakeRequest))
#5 M:\WORK-DMI\Web\wamp\www\launcher\lib\Cake\Routing\Dispatcher.php(86): Dispatcher->_invoke(Object(LauncherController), Object(CakeRequest), Object(CakeResponse))
#6 M:\WORK-DMI\Web\wamp\www\launcher\launcher\webroot\index.php(96): Dispatcher->dispatch(Object(CakeRequest), Object(CakeResponse))
#7 {main}
2012-02-24 10:05:40 Error: [com_exception] <b>Source:</b> Unknown<br/><b>Description:</b> Unknown
#0 M:\WORK-DMI\Web\wamp\www\launcher\launcher\Controller\launcher_controller.php(17): com->Run('snes9x.exe', 7, false)
#1 M:\WORK-DMI\Web\wamp\www\launcher\launcher\Controller\launcher_controller.php(7): LauncherController->runAsynchronously('M:\Emulation\Em...', 'snes9x.exe', '-fullscreen')
#2 [internal function]: LauncherController->showcase()
#3 M:\WORK-DMI\Web\wamp\www\launcher\lib\Cake\Controller\Controller.php(473): ReflectionMethod->invokeArgs(Object(LauncherController), Array)
#4 M:\WORK-DMI\Web\wamp\www\launcher\lib\Cake\Routing\Dispatcher.php(104): Controller->invokeAction(Object(CakeRequest))
#5 M:\WORK-DMI\Web\wamp\www\launcher\lib\Cake\Routing\Dispatcher.php(86): Dispatcher->_invoke(Object(LauncherController), Object(CakeRequest), Object(CakeResponse))
#6 M:\WORK-DMI\Web\wamp\www\launcher\launcher\webroot\index.php(96): Dispatcher->dispatch(Object(CakeRequest), Object(CakeResponse))
#7 {main}
2012-02-24 10:05:42 Error: [com_exception] <b>Source:</b> Unknown<br/><b>Description:</b> Unknown
#0 M:\WORK-DMI\Web\wamp\www\launcher\launcher\Controller\launcher_controller.php(17): com->Run('snes9x.exe', 7, false)
#1 M:\WORK-DMI\Web\wamp\www\launcher\launcher\Controller\launcher_controller.php(7): LauncherController->runAsynchronously('M:\Emulation\Em...', 'snes9x.exe', '-fullscreen')
#2 [internal function]: LauncherController->showcase()
#3 M:\WORK-DMI\Web\wamp\www\launcher\lib\Cake\Controller\Controller.php(473): ReflectionMethod->invokeArgs(Object(LauncherController), Array)
#4 M:\WORK-DMI\Web\wamp\www\launcher\lib\Cake\Routing\Dispatcher.php(104): Controller->invokeAction(Object(CakeRequest))
#5 M:\WORK-DMI\Web\wamp\www\launcher\lib\Cake\Routing\Dispatcher.php(86): Dispatcher->_invoke(Object(LauncherController), Object(CakeRequest), Object(CakeResponse))
#6 M:\WORK-DMI\Web\wamp\www\launcher\launcher\webroot\index.php(96): Dispatcher->dispatch(Object(CakeRequest), Object(CakeResponse))
#7 {main}
2012-02-24 10:06:19 Error: [com_exception] <b>Source:</b> WshShell.CreateShortcut<br/><b>Description:</b> The shortcut pathname must end with .lnk or .url.
#0 M:\WORK-DMI\Web\wamp\www\launcher\launcher\Controller\launcher_controller.php(11): com->CreateShortcut('snes9x.exe')
#1 M:\WORK-DMI\Web\wamp\www\launcher\launcher\Controller\launcher_controller.php(7): LauncherController->runAsynchronously('M:\Emulation\Em...', 'snes9x.exe', '-fullscreen')
#2 [internal function]: LauncherController->showcase()
#3 M:\WORK-DMI\Web\wamp\www\launcher\lib\Cake\Controller\Controller.php(473): ReflectionMethod->invokeArgs(Object(LauncherController), Array)
#4 M:\WORK-DMI\Web\wamp\www\launcher\lib\Cake\Routing\Dispatcher.php(104): Controller->invokeAction(Object(CakeRequest))
#5 M:\WORK-DMI\Web\wamp\www\launcher\lib\Cake\Routing\Dispatcher.php(86): Dispatcher->_invoke(Object(LauncherController), Object(CakeRequest), Object(CakeResponse))
#6 M:\WORK-DMI\Web\wamp\www\launcher\launcher\webroot\index.php(96): Dispatcher->dispatch(Object(CakeRequest), Object(CakeResponse))
#7 {main}
2012-02-24 10:06:20 Error: [com_exception] <b>Source:</b> WshShell.CreateShortcut<br/><b>Description:</b> The shortcut pathname must end with .lnk or .url.
#0 M:\WORK-DMI\Web\wamp\www\launcher\launcher\Controller\launcher_controller.php(11): com->CreateShortcut('snes9x.exe')
#1 M:\WORK-DMI\Web\wamp\www\launcher\launcher\Controller\launcher_controller.php(7): LauncherController->runAsynchronously('M:\Emulation\Em...', 'snes9x.exe', '-fullscreen')
#2 [internal function]: LauncherController->showcase()
#3 M:\WORK-DMI\Web\wamp\www\launcher\lib\Cake\Controller\Controller.php(473): ReflectionMethod->invokeArgs(Object(LauncherController), Array)
#4 M:\WORK-DMI\Web\wamp\www\launcher\lib\Cake\Routing\Dispatcher.php(104): Controller->invokeAction(Object(CakeRequest))
#5 M:\WORK-DMI\Web\wamp\www\launcher\lib\Cake\Routing\Dispatcher.php(86): Dispatcher->_invoke(Object(LauncherController), Object(CakeRequest), Object(CakeResponse))
#6 M:\WORK-DMI\Web\wamp\www\launcher\launcher\webroot\index.php(96): Dispatcher->dispatch(Object(CakeRequest), Object(CakeResponse))
#7 {main}
2012-02-24 10:06:21 Error: [com_exception] <b>Source:</b> WshShell.CreateShortcut<br/><b>Description:</b> The shortcut pathname must end with .lnk or .url.
#0 M:\WORK-DMI\Web\wamp\www\launcher\launcher\Controller\launcher_controller.php(11): com->CreateShortcut('snes9x.exe')
#1 M:\WORK-DMI\Web\wamp\www\launcher\launcher\Controller\launcher_controller.php(7): LauncherController->runAsynchronously('M:\Emulation\Em...', 'snes9x.exe', '-fullscreen')
#2 [internal function]: LauncherController->showcase()
#3 M:\WORK-DMI\Web\wamp\www\launcher\lib\Cake\Controller\Controller.php(473): ReflectionMethod->invokeArgs(Object(LauncherController), Array)
#4 M:\WORK-DMI\Web\wamp\www\launcher\lib\Cake\Routing\Dispatcher.php(104): Controller->invokeAction(Object(CakeRequest))
#5 M:\WORK-DMI\Web\wamp\www\launcher\lib\Cake\Routing\Dispatcher.php(86): Dispatcher->_invoke(Object(LauncherController), Object(CakeRequest), Object(CakeResponse))
#6 M:\WORK-DMI\Web\wamp\www\launcher\launcher\webroot\index.php(96): Dispatcher->dispatch(Object(CakeRequest), Object(CakeResponse))
#7 {main}
2012-03-01 06:36:27 Error: [MissingActionException] Action LauncherController::index() could not be found.
#0 M:\WORK-DMI\Web\wamp\www\launcher\lib\Cake\Routing\Dispatcher.php(104): Controller->invokeAction(Object(CakeRequest))
#1 M:\WORK-DMI\Web\wamp\www\launcher\lib\Cake\Routing\Dispatcher.php(86): Dispatcher->_invoke(Object(LauncherController), Object(CakeRequest), Object(CakeResponse))
#2 M:\WORK-DMI\Web\wamp\www\launcher\launcher\webroot\index.php(96): Dispatcher->dispatch(Object(CakeRequest), Object(CakeResponse))
#3 {main}
2012-03-01 06:36:27 Error: [MissingActionException] Action LauncherController::favicon.ico() could not be found.
#0 M:\WORK-DMI\Web\wamp\www\launcher\lib\Cake\Routing\Dispatcher.php(104): Controller->invokeAction(Object(CakeRequest))
#1 M:\WORK-DMI\Web\wamp\www\launcher\lib\Cake\Routing\Dispatcher.php(86): Dispatcher->_invoke(Object(LauncherController), Object(CakeRequest), Object(CakeResponse))
#2 M:\WORK-DMI\Web\wamp\www\launcher\launcher\webroot\index.php(96): Dispatcher->dispatch(Object(CakeRequest), Object(CakeResponse))
#3 {main}
2012-03-01 07:07:12 Error: [MissingControllerException] Controller class PController could not be found.
#0 M:\WORK-DMI\Web\wamp\www\launcher\boomer\webroot\index.php(96): Dispatcher->dispatch(Object(CakeRequest), Object(CakeResponse))
#1 {main}
2012-03-01 07:07:13 Error: [MissingControllerException] Controller class PController could not be found.
#0 M:\WORK-DMI\Web\wamp\www\launcher\boomer\webroot\index.php(96): Dispatcher->dispatch(Object(CakeRequest), Object(CakeResponse))
#1 {main}
2012-03-01 07:07:14 Error: [MissingViewException] View file "M:\WORK-DMI\Web\wamp\www\launcher\boomer\View\Pages\showcase.ctp" is missing.
#0 M:\WORK-DMI\Web\wamp\www\launcher\lib\Cake\View\View.php(360): View->_getViewFileName('showcase')
#1 M:\WORK-DMI\Web\wamp\www\launcher\lib\Cake\Controller\Controller.php(900): View->render('showcase', NULL)
#2 M:\WORK-DMI\Web\wamp\www\launcher\lib\Cake\Controller\PagesController.php(73): Controller->render('showcase')
#3 [internal function]: PagesController->display('showcase')
#4 M:\WORK-DMI\Web\wamp\www\launcher\lib\Cake\Controller\Controller.php(473): ReflectionMethod->invokeArgs(Object(PagesController), Array)
#5 M:\WORK-DMI\Web\wamp\www\launcher\lib\Cake\Routing\Dispatcher.php(104): Controller->invokeAction(Object(CakeRequest))
#6 M:\WORK-DMI\Web\wamp\www\launcher\lib\Cake\Routing\Dispatcher.php(86): Dispatcher->_invoke(Object(PagesController), Object(CakeRequest), Object(CakeResponse))
#7 M:\WORK-DMI\Web\wamp\www\launcher\boomer\webroot\index.php(96): Dispatcher->dispatch(Object(CakeRequest), Object(CakeResponse))
#8 {main}
2012-03-01 07:07:14 Error: [MissingViewException] View file "M:\WORK-DMI\Web\wamp\www\launcher\boomer\View\Pages\showcase\favicon.ico.ctp" is missing.
#0 M:\WORK-DMI\Web\wamp\www\launcher\lib\Cake\View\View.php(360): View->_getViewFileName('showcase/favico...')
#1 M:\WORK-DMI\Web\wamp\www\launcher\lib\Cake\Controller\Controller.php(900): View->render('showcase/favico...', NULL)
#2 M:\WORK-DMI\Web\wamp\www\launcher\lib\Cake\Controller\PagesController.php(73): Controller->render('showcase/favico...')
#3 [internal function]: PagesController->display('showcase', 'favicon.ico')
#4 M:\WORK-DMI\Web\wamp\www\launcher\lib\Cake\Controller\Controller.php(473): ReflectionMethod->invokeArgs(Object(PagesController), Array)
#5 M:\WORK-DMI\Web\wamp\www\launcher\lib\Cake\Routing\Dispatcher.php(104): Controller->invokeAction(Object(CakeRequest))
#6 M:\WORK-DMI\Web\wamp\www\launcher\lib\Cake\Routing\Dispatcher.php(86): Dispatcher->_invoke(Object(PagesController), Object(CakeRequest), Object(CakeResponse))
#7 M:\WORK-DMI\Web\wamp\www\launcher\boomer\webroot\index.php(96): Dispatcher->dispatch(Object(CakeRequest), Object(CakeResponse))
#8 {main}
2012-03-01 07:08:23 Error: [MissingActionException] Action LauncherController::display() could not be found.
#0 M:\WORK-DMI\Web\wamp\www\launcher\lib\Cake\Routing\Dispatcher.php(104): Controller->invokeAction(Object(CakeRequest))
#1 M:\WORK-DMI\Web\wamp\www\launcher\lib\Cake\Routing\Dispatcher.php(86): Dispatcher->_invoke(Object(LauncherController), Object(CakeRequest), Object(CakeResponse))
#2 M:\WORK-DMI\Web\wamp\www\launcher\boomer\webroot\index.php(96): Dispatcher->dispatch(Object(CakeRequest), Object(CakeResponse))
#3 {main}
2012-03-01 07:08:23 Error: [MissingActionException] Action LauncherController::display() could not be found.
#0 M:\WORK-DMI\Web\wamp\www\launcher\lib\Cake\Routing\Dispatcher.php(104): Controller->invokeAction(Object(CakeRequest))
#1 M:\WORK-DMI\Web\wamp\www\launcher\lib\Cake\Routing\Dispatcher.php(86): Dispatcher->_invoke(Object(LauncherController), Object(CakeRequest), Object(CakeResponse))
#2 M:\WORK-DMI\Web\wamp\www\launcher\boomer\webroot\index.php(96): Dispatcher->dispatch(Object(CakeRequest), Object(CakeResponse))
#3 {main}
2012-03-01 07:11:39 Error: [MissingActionException] Action LauncherController::display() could not be found.
#0 M:\WORK-DMI\Web\wamp\www\launcher\lib\Cake\Routing\Dispatcher.php(104): Controller->invokeAction(Object(CakeRequest))
#1 M:\WORK-DMI\Web\wamp\www\launcher\lib\Cake\Routing\Dispatcher.php(86): Dispatcher->_invoke(Object(LauncherController), Object(CakeRequest), Object(CakeResponse))
#2 M:\WORK-DMI\Web\wamp\www\launcher\boomer\webroot\index.php(96): Dispatcher->dispatch(Object(CakeRequest), Object(CakeResponse))
#3 {main}
2012-03-01 07:12:54 Error: [MissingActionException] Action LauncherController::display() could not be found.
#0 M:\WORK-DMI\Web\wamp\www\launcher\lib\Cake\Routing\Dispatcher.php(104): Controller->invokeAction(Object(CakeRequest))
#1 M:\WORK-DMI\Web\wamp\www\launcher\lib\Cake\Routing\Dispatcher.php(86): Dispatcher->_invoke(Object(LauncherController), Object(CakeRequest), Object(CakeResponse))
#2 M:\WORK-DMI\Web\wamp\www\launcher\boomer\webroot\index.php(96): Dispatcher->dispatch(Object(CakeRequest), Object(CakeResponse))
#3 {main}
2012-03-01 07:13:23 Error: [MissingViewException] View file "M:\WORK-DMI\Web\wamp\www\launcher\boomer\View\Launcher\display.ctp" is missing.
#0 M:\WORK-DMI\Web\wamp\www\launcher\lib\Cake\View\View.php(360): View->_getViewFileName(NULL)
#1 M:\WORK-DMI\Web\wamp\www\launcher\lib\Cake\Controller\Controller.php(900): View->render(NULL, NULL)
#2 M:\WORK-DMI\Web\wamp\www\launcher\lib\Cake\Routing\Dispatcher.php(111): Controller->render()
#3 M:\WORK-DMI\Web\wamp\www\launcher\lib\Cake\Routing\Dispatcher.php(86): Dispatcher->_invoke(Object(LauncherController), Object(CakeRequest), Object(CakeResponse))
#4 M:\WORK-DMI\Web\wamp\www\launcher\boomer\webroot\index.php(96): Dispatcher->dispatch(Object(CakeRequest), Object(CakeResponse))
#5 {main}
2012-03-01 07:14:07 Error: [MissingViewException] View file "M:\WORK-DMI\Web\wamp\www\launcher\boomer\View\Launcher\display.ctp" is missing.
#0 M:\WORK-DMI\Web\wamp\www\launcher\lib\Cake\View\View.php(360): View->_getViewFileName(NULL)
#1 M:\WORK-DMI\Web\wamp\www\launcher\lib\Cake\Controller\Controller.php(900): View->render(NULL, NULL)
#2 M:\WORK-DMI\Web\wamp\www\launcher\lib\Cake\Routing\Dispatcher.php(111): Controller->render()
#3 M:\WORK-DMI\Web\wamp\www\launcher\lib\Cake\Routing\Dispatcher.php(86): Dispatcher->_invoke(Object(LauncherController), Object(CakeRequest), Object(CakeResponse))
#4 M:\WORK-DMI\Web\wamp\www\launcher\boomer\webroot\index.php(96): Dispatcher->dispatch(Object(CakeRequest), Object(CakeResponse))
#5 {main}
2012-03-01 07:14:08 Error: [MissingViewException] View file "M:\WORK-DMI\Web\wamp\www\launcher\boomer\View\Launcher\display.ctp" is missing.
#0 M:\WORK-DMI\Web\wamp\www\launcher\lib\Cake\View\View.php(360): View->_getViewFileName(NULL)
#1 M:\WORK-DMI\Web\wamp\www\launcher\lib\Cake\Controller\Controller.php(900): View->render(NULL, NULL)
#2 M:\WORK-DMI\Web\wamp\www\launcher\lib\Cake\Routing\Dispatcher.php(111): Controller->render()
#3 M:\WORK-DMI\Web\wamp\www\launcher\lib\Cake\Routing\Dispatcher.php(86): Dispatcher->_invoke(Object(LauncherController), Object(CakeRequest), Object(CakeResponse))
#4 M:\WORK-DMI\Web\wamp\www\launcher\boomer\webroot\index.php(96): Dispatcher->dispatch(Object(CakeRequest), Object(CakeResponse))
#5 {main}
2012-03-01 07:14:09 Error: [MissingViewException] View file "M:\WORK-DMI\Web\wamp\www\launcher\boomer\View\Launcher\display.ctp" is missing.
#0 M:\WORK-DMI\Web\wamp\www\launcher\lib\Cake\View\View.php(360): View->_getViewFileName(NULL)
#1 M:\WORK-DMI\Web\wamp\www\launcher\lib\Cake\Controller\Controller.php(900): View->render(NULL, NULL)
#2 M:\WORK-DMI\Web\wamp\www\launcher\lib\Cake\Routing\Dispatcher.php(111): Controller->render()
#3 M:\WORK-DMI\Web\wamp\www\launcher\lib\Cake\Routing\Dispatcher.php(86): Dispatcher->_invoke(Object(LauncherController), Object(CakeRequest), Object(CakeResponse))
#4 M:\WORK-DMI\Web\wamp\www\launcher\boomer\webroot\index.php(96): Dispatcher->dispatch(Object(CakeRequest), Object(CakeResponse))
#5 {main}
2012-03-01 07:14:09 Error: [MissingViewException] View file "M:\WORK-DMI\Web\wamp\www\launcher\boomer\View\Launcher\display.ctp" is missing.
#0 M:\WORK-DMI\Web\wamp\www\launcher\lib\Cake\View\View.php(360): View->_getViewFileName(NULL)
#1 M:\WORK-DMI\Web\wamp\www\launcher\lib\Cake\Controller\Controller.php(900): View->render(NULL, NULL)
#2 M:\WORK-DMI\Web\wamp\www\launcher\lib\Cake\Routing\Dispatcher.php(111): Controller->render()
#3 M:\WORK-DMI\Web\wamp\www\launcher\lib\Cake\Routing\Dispatcher.php(86): Dispatcher->_invoke(Object(LauncherController), Object(CakeRequest), Object(CakeResponse))
#4 M:\WORK-DMI\Web\wamp\www\launcher\boomer\webroot\index.php(96): Dispatcher->dispatch(Object(CakeRequest), Object(CakeResponse))
#5 {main}
