
]--- Logging Started ------[
07/03/12 00:24.33: RunTimeError Directory=[M:\WORK-DMI\Web\wamp\www\boomer\web\WEB-INF\bluedragon\work\temp\rtelogs], Max=[100]
07/03/12 00:24.33: BlueDragon WorkingDirectory=[M:\WORK-DMI\Web\wamp\www\boomer\web\WEB-INF\bluedragon\work]
07/03/12 00:24.33: BlueDragon TempDirectory=[M:\WORK-DMI\Web\wamp\www\boomer\web\WEB-INF\bluedragon\work\temp]
07/03/12 00:24.33: dbPool: Initialised using: OpenBD DBPoolManager $Revision: 1.1 $
07/03/12 00:24.33: OutgoingMailServer started mainDirectory=M:\WORK-DMI\Web\wamp\www\boomer\web\WEB-INF\bluedragon\work\cfmail
07/03/12 00:24.33: CollectionFactory.init(): no <cfcollection> found in configuration
07/03/12 00:24.33: BlueDragon server is starting up...
07/03/12 00:24.33: Product Version: 2.0.2
07/03/12 00:24.33: Build date: 2012-01-01 10:14:17 GMT
07/03/12 00:24.33: tagChecker loaded: 140 tags
07/03/12 00:24.33: cfmlFileCache Configuration. Caching=1000 files; trusted cache=false
07/03/12 00:24.33: cfmlFileCache.loadCustomTagMappings [CF_] >> [/WEB-INF/customtags]
07/03/12 00:24.33: cfmlFileCache.loadCFMappings: no CF mappings defined.
07/03/12 00:24.33: -] Java CFX Mapping created [CFX_JavaBlueDragonHello] >> [com.newatlanta.BlueDragonHello]
07/03/12 00:24.33: -] C++ CFX Mapping created [CFX_NativeBlueDragonHello] >> [/WEB-INF/customtags/BlueDragonHello.dll]
07/03/12 00:24.33: PluginManager Auto Discovery (openbdplugin-XXXX.jar) ...
07/03/12 00:24.33: ... found: 0 plugins
07/03/12 00:24.33: cfEngine: Using default character encoding utf-8
07/03/12 00:24.33: cfEngine: WebResourcePath M:\WORK-DMI\Web\wamp\www\boomer\web\WEB-INF\resources
07/03/12 00:24.33: BlueDragon NativeLibDirectory=[/WEB-INF/bin/]
07/03/12 00:24.33: queryBatchServer started: M:\WORK-DMI\Web\wamp\www\boomer\web\WEB-INF\bluedragon\work\cfquerybatch
07/03/12 00:24.33: CFQUERY Connection pool validation queries: ENABLED
07/03/12 00:24.33: CFIMAP Caching Engine Initialised.
07/03/12 00:24.33: -] Loaded cfregistry.dll >> [/WEB-INF/bin/cfregistry.dll]
07/03/12 00:24.33: cfChart: storage=file; size=1000
07/03/12 00:24.33: scheduleEngine started; logfile=M:\WORK-DMI\Web\wamp\www\boomer\web\WEB-INF\bluedragon\work\cfschedule\schedule.log
07/03/12 00:24.33: ScheduleEngine: Started. Initial Tasks=0
07/03/12 00:24.35: PlugIn.Load.Installed: org.alanwilliamson.openbd.plugin.spreadsheet.SpreadSheetExtension; SpreadSheet; Version=1.2011.11.4
07/03/12 00:24.35: PlugIn.Load.Installed: org.alanwilliamson.openbd.plugin.cfsmtp.SmtpExtension; CFSMTP; Version=1.2011.11.4
07/03/12 00:24.35: [LoginPlugin] <server>.<plugin>.<login>.<userfield>: no userfield specified
07/03/12 00:24.35: PlugIn.Load.Installed: org.aw20.plugin.login.LoginExtension; LoginExtension; Version=1.2011.11.4
07/03/12 00:24.35: PlugIn.Load.Installed: org.alanwilliamson.openbd.plugin.crontab.CronExtension; CronTab; Version=1.2011.11.4
07/03/12 00:24.35: PlugIn.Load.Installed: com.bluedragon.mongo.MongoExtension; MongoExtension; Version=1.2011.11.4
07/03/12 00:24.35: Global client variable updates disabled
07/03/12 00:24.35: cfApplicationManager.DefaultClientStorage=[cookie]; J2EE Sessions=false
07/03/12 00:24.35: cfCacheContent: InMemoryCache=50
07/03/12 00:24.35: cfSCRIPT Registered: language=java; class=org.alanwilliamson.lang.java.cfSCRIPTJava
07/03/12 00:24.35: cfSCRIPT Registered: language=javascript; class=org.alanwilliamson.lang.javascript.cfSCRIPTJavascript
07/03/12 00:24.35: expressionEngine loaded: 657 functions
07/03/12 00:24.35: cfEngine: Show Debug output on error? true
07/03/12 00:24.35: cfEngine: Show Debugger output? false
07/03/12 00:24.35: cfEngine: Strict Mode: ArrayPassByReference? false
07/03/12 00:24.35: cfEngine: Strict Mode: FunctionScopedVariables? false
07/03/12 00:24.35: cfEngine: Assertions disabled
07/03/12 00:24.35: cfEngine: Combined Form/Url Scope? false
07/03/12 00:24.35: cfEngine: Legacy server side form validation? false
07/03/12 00:24.35: Auto-configure of ODBC datasources is disabled
07/03/12 00:24.35: BlueDragon has initialised. Ready for requests.
07/03/12 00:24.35: Server.cfc not available: /Server

]--- Logging Started ------[
07/03/12 00:27.13: RunTimeError Directory=[M:\WORK-DMI\Web\wamp\www\boomer\web\WEB-INF\bluedragon\work\temp\rtelogs], Max=[100]
07/03/12 00:27.13: BlueDragon WorkingDirectory=[M:\WORK-DMI\Web\wamp\www\boomer\web\WEB-INF\bluedragon\work]
07/03/12 00:27.13: BlueDragon TempDirectory=[M:\WORK-DMI\Web\wamp\www\boomer\web\WEB-INF\bluedragon\work\temp]
07/03/12 00:27.13: dbPool: Initialised using: OpenBD DBPoolManager $Revision: 1.1 $
07/03/12 00:27.13: OutgoingMailServer started mainDirectory=M:\WORK-DMI\Web\wamp\www\boomer\web\WEB-INF\bluedragon\work\cfmail
07/03/12 00:27.13: CollectionFactory.init(): no <cfcollection> found in configuration
07/03/12 00:27.13: BlueDragon server is starting up...
07/03/12 00:27.13: Product Version: 2.0.2
07/03/12 00:27.13: Build date: 2012-01-01 10:14:17 GMT
07/03/12 00:27.13: tagChecker loaded: 140 tags
07/03/12 00:27.13: cfmlFileCache Configuration. Caching=1000 files; trusted cache=false
07/03/12 00:27.13: cfmlFileCache.loadCustomTagMappings [CF_] >> [/WEB-INF/customtags]
07/03/12 00:27.13: cfmlFileCache.loadCFMappings: no CF mappings defined.
07/03/12 00:27.13: -] Java CFX Mapping created [CFX_JavaBlueDragonHello] >> [com.newatlanta.BlueDragonHello]
07/03/12 00:27.13: -] C++ CFX Mapping created [CFX_NativeBlueDragonHello] >> [/WEB-INF/customtags/BlueDragonHello.dll]
07/03/12 00:27.13: PluginManager Auto Discovery (openbdplugin-XXXX.jar) ...
07/03/12 00:27.13: ... found: 0 plugins
07/03/12 00:27.13: cfEngine: Using default character encoding utf-8
07/03/12 00:27.13: cfEngine: WebResourcePath M:\WORK-DMI\Web\wamp\www\boomer\web\WEB-INF\resources
07/03/12 00:27.13: BlueDragon NativeLibDirectory=[/WEB-INF/bin/]
07/03/12 00:27.13: queryBatchServer started: M:\WORK-DMI\Web\wamp\www\boomer\web\WEB-INF\bluedragon\work\cfquerybatch
07/03/12 00:27.13: CFQUERY Connection pool validation queries: ENABLED
07/03/12 00:27.13: CFIMAP Caching Engine Initialised.
07/03/12 00:27.13: -] Loaded cfregistry.dll >> [/WEB-INF/bin/cfregistry.dll]
07/03/12 00:27.13: cfChart: storage=file; size=1000
07/03/12 00:27.13: scheduleEngine started; logfile=M:\WORK-DMI\Web\wamp\www\boomer\web\WEB-INF\bluedragon\work\cfschedule\schedule.log
07/03/12 00:27.13: ScheduleEngine: Started. Initial Tasks=0
07/03/12 00:27.13: PlugIn.Load.Installed: org.alanwilliamson.openbd.plugin.spreadsheet.SpreadSheetExtension; SpreadSheet; Version=1.2011.11.4
07/03/12 00:27.13: PlugIn.Load.Installed: org.alanwilliamson.openbd.plugin.cfsmtp.SmtpExtension; CFSMTP; Version=1.2011.11.4
07/03/12 00:27.13: [LoginPlugin] <server>.<plugin>.<login>.<userfield>: no userfield specified
07/03/12 00:27.13: PlugIn.Load.Installed: org.aw20.plugin.login.LoginExtension; LoginExtension; Version=1.2011.11.4
07/03/12 00:27.13: PlugIn.Load.Installed: org.alanwilliamson.openbd.plugin.crontab.CronExtension; CronTab; Version=1.2011.11.4
07/03/12 00:27.13: PlugIn.Load.Installed: com.bluedragon.mongo.MongoExtension; MongoExtension; Version=1.2011.11.4
07/03/12 00:27.13: Global client variable updates disabled
07/03/12 00:27.13: cfApplicationManager.DefaultClientStorage=[cookie]; J2EE Sessions=false
07/03/12 00:27.13: cfCacheContent: InMemoryCache=50
07/03/12 00:27.13: cfSCRIPT Registered: language=java; class=org.alanwilliamson.lang.java.cfSCRIPTJava
07/03/12 00:27.13: cfSCRIPT Registered: language=javascript; class=org.alanwilliamson.lang.javascript.cfSCRIPTJavascript
07/03/12 00:27.13: expressionEngine loaded: 657 functions
07/03/12 00:27.13: cfEngine: Show Debug output on error? true
07/03/12 00:27.13: cfEngine: Show Debugger output? false
07/03/12 00:27.13: cfEngine: Strict Mode: ArrayPassByReference? false
07/03/12 00:27.13: cfEngine: Strict Mode: FunctionScopedVariables? false
07/03/12 00:27.13: cfEngine: Assertions disabled
07/03/12 00:27.13: cfEngine: Combined Form/Url Scope? false
07/03/12 00:27.13: cfEngine: Legacy server side form validation? false
07/03/12 00:27.13: Auto-configure of ODBC datasources is disabled
07/03/12 00:27.13: BlueDragon has initialised. Ready for requests.
07/03/12 00:27.14: Server.cfc not available: /Server
07/03/12 00:27.31: cfApplicationManager.createApp: boomer
07/03/12 00:44.37: RTE: M:\WORK-DMI\Web\wamp\www\boomer\web\WEB-INF\bluedragon\work\temp\rtelogs\bderror-2012-03-07-004437_5465530328202606965.html
07/03/12 00:48.14: RTE: M:\WORK-DMI\Web\wamp\www\boomer\web\WEB-INF\bluedragon\work\temp\rtelogs\bderror-2012-03-07-004814_6018648821905889082.html
07/03/12 00:48.16: RTE: M:\WORK-DMI\Web\wamp\www\boomer\web\WEB-INF\bluedragon\work\temp\rtelogs\bderror-2012-03-07-004816_1207231815707661550.html
07/03/12 00:48.18: RTE: M:\WORK-DMI\Web\wamp\www\boomer\web\WEB-INF\bluedragon\work\temp\rtelogs\bderror-2012-03-07-004818_139720300886014277.html
07/03/12 00:48.30: RTE: M:\WORK-DMI\Web\wamp\www\boomer\web\WEB-INF\bluedragon\work\temp\rtelogs\bderror-2012-03-07-004830_1598436530928216340.html
07/03/12 00:48.49: RTE: M:\WORK-DMI\Web\wamp\www\boomer\web\WEB-INF\bluedragon\work\temp\rtelogs\bderror-2012-03-07-004849_7734935031657022548.html
07/03/12 01:20.30: RTE: M:\WORK-DMI\Web\wamp\www\boomer\web\WEB-INF\bluedragon\work\temp\rtelogs\bderror-2012-03-07-012030_66573250418784789.html
07/03/12 01:32.13: cfApplicationManager.createApp: openbdmanual
09/03/12 02:35.00: cfApplicationManager.onApplicationEnd: openbdmanual
09/03/12 19:57.13: RTE: M:\WORK-DMI\Web\wamp\www\boomer\web\WEB-INF\bluedragon\work\temp\rtelogs\bderror-2012-03-09-195713_1976736547499490698.html
09/03/12 19:57.32: RTE: M:\WORK-DMI\Web\wamp\www\boomer\web\WEB-INF\bluedragon\work\temp\rtelogs\bderror-2012-03-09-195732_2865064948697319023.html
09/03/12 20:13.32: NoViableAltException(106@[391:1: statement : ( tryCatchStatement | ifStatement | whileStatement | doWhileStatement | forStatement | switchStatement | CONTINUE SEMICOLON | BREAK SEMICOLON | returnStatement | tagOperatorStatement | compoundStatement | localAssignmentExpression SEMICOLON | SEMICOLON );])
	at com.naryx.tagfusion.cfm.parser.CFMLParser$DFA16.specialStateTransition(Unknown Source)
	at org.antlr.runtime.DFA.predict(DFA.java:80)
	at com.naryx.tagfusion.cfm.parser.CFMLParser.statement(Unknown Source)
	at com.naryx.tagfusion.cfm.parser.CFMLParser.element(Unknown Source)
	at com.naryx.tagfusion.cfm.parser.CFMLParser.scriptBlock(Unknown Source)
	at com.naryx.tagfusion.cfm.tag.cfParseTag.readCFSCRIPT(Unknown Source)
	at com.naryx.tagfusion.cfm.tag.cfParseTag.createTag(Unknown Source)
	at com.naryx.tagfusion.cfm.tag.cfParseTag.determineCFtag(Unknown Source)
	at com.naryx.tagfusion.cfm.tag.cfParseTag.readTag(Unknown Source)
	at com.naryx.tagfusion.cfm.tag.cfParseTag.readTag(Unknown Source)
	at com.naryx.tagfusion.cfm.file.cfFile.readFile(Unknown Source)
	at com.naryx.tagfusion.cfm.file.cfFile.<init>(Unknown Source)
	at com.naryx.tagfusion.cfm.file.cfFileEncoding.findProcessingDirective(Unknown Source)
	at com.naryx.tagfusion.cfm.file.cfFileEncoding.init(Unknown Source)
	at com.naryx.tagfusion.cfm.file.cfFileEncoding.init(Unknown Source)
	at com.naryx.tagfusion.cfm.file.cfFileEncoding.init(Unknown Source)
	at com.naryx.tagfusion.cfm.file.cfFileEncoding.<init>(Unknown Source)
	at com.naryx.tagfusion.cfm.file.cfFile.<init>(Unknown Source)
	at com.naryx.tagfusion.cfm.file.cfmlFileCache._getCfmlFile2(Unknown Source)
	at com.naryx.tagfusion.cfm.file.cfmlFileCache._getCfmlFile(Unknown Source)
	at com.naryx.tagfusion.cfm.file.cfmlFileCache.getCfmlFile(Unknown Source)
	at com.naryx.tagfusion.cfm.engine.cfSession.getFile(Unknown Source)
	at com.naryx.tagfusion.cfm.engine.cfSession.getUriFile(Unknown Source)
	at com.naryx.tagfusion.cfm.engine.cfSession.getRequestFile(Unknown Source)
	at com.naryx.tagfusion.cfm.engine.cfEngine.service(Unknown Source)
	at com.naryx.tagfusion.cfm.cfServlet.service(Unknown Source)
	at javax.servlet.http.HttpServlet.service(HttpServlet.java:820)
	at org.eclipse.jetty.servlet.ServletHolder.handle(ServletHolder.java:534)
	at org.eclipse.jetty.servlet.ServletHandler.doHandle(ServletHandler.java:475)
	at org.eclipse.jetty.server.handler.ScopedHandler.handle(ScopedHandler.java:119)
	at org.eclipse.jetty.security.SecurityHandler.handle(SecurityHandler.java:516)
	at org.eclipse.jetty.server.session.SessionHandler.doHandle(SessionHandler.java:226)
	at org.eclipse.jetty.server.handler.ContextHandler.doHandle(ContextHandler.java:929)
	at org.eclipse.jetty.servlet.ServletHandler.doScope(ServletHandler.java:403)
	at org.eclipse.jetty.server.session.SessionHandler.doScope(SessionHandler.java:184)
	at org.eclipse.jetty.server.handler.ContextHandler.doScope(ContextHandler.java:864)
	at org.eclipse.jetty.server.handler.ScopedHandler.handle(ScopedHandler.java:117)
	at org.eclipse.jetty.server.handler.HandlerWrapper.handle(HandlerWrapper.java:114)
	at org.eclipse.jetty.server.Server.handle(Server.java:352)
	at org.eclipse.jetty.server.HttpConnection.handleRequest(HttpConnection.java:596)
	at org.eclipse.jetty.server.HttpConnection$RequestHandler.headerComplete(HttpConnection.java:1051)
	at org.eclipse.jetty.http.HttpParser.parseNext(HttpParser.java:590)
	at org.eclipse.jetty.http.HttpParser.parseAvailable(HttpParser.java:212)
	at org.eclipse.jetty.server.HttpConnection.handle(HttpConnection.java:426)
	at org.eclipse.jetty.io.nio.SelectChannelEndPoint.handle(SelectChannelEndPoint.java:508)
	at org.eclipse.jetty.io.nio.SelectChannelEndPoint.access$000(SelectChannelEndPoint.java:34)
	at org.eclipse.jetty.io.nio.SelectChannelEndPoint$1.run(SelectChannelEndPoint.java:40)
	at org.eclipse.jetty.util.thread.QueuedThreadPool$2.run(QueuedThreadPool.java:451)
	at java.lang.Thread.run(Unknown Source)

09/03/12 20:13.32: NoViableAltException(106@[391:1: statement : ( tryCatchStatement | ifStatement | whileStatement | doWhileStatement | forStatement | switchStatement | CONTINUE SEMICOLON | BREAK SEMICOLON | returnStatement | tagOperatorStatement | compoundStatement | localAssignmentExpression SEMICOLON | SEMICOLON );])
	at com.naryx.tagfusion.cfm.parser.CFMLParser$DFA16.specialStateTransition(Unknown Source)
	at org.antlr.runtime.DFA.predict(DFA.java:80)
	at com.naryx.tagfusion.cfm.parser.CFMLParser.statement(Unknown Source)
	at com.naryx.tagfusion.cfm.parser.CFMLParser.element(Unknown Source)
	at com.naryx.tagfusion.cfm.parser.CFMLParser.scriptBlock(Unknown Source)
	at com.naryx.tagfusion.cfm.tag.cfParseTag.readCFSCRIPT(Unknown Source)
	at com.naryx.tagfusion.cfm.tag.cfParseTag.createTag(Unknown Source)
	at com.naryx.tagfusion.cfm.tag.cfParseTag.determineCFtag(Unknown Source)
	at com.naryx.tagfusion.cfm.tag.cfParseTag.readTag(Unknown Source)
	at com.naryx.tagfusion.cfm.tag.cfParseTag.readTag(Unknown Source)
	at com.naryx.tagfusion.cfm.file.cfFile.readFile(Unknown Source)
	at com.naryx.tagfusion.cfm.file.cfFile.<init>(Unknown Source)
	at com.naryx.tagfusion.cfm.file.cfmlFileCache._getCfmlFile2(Unknown Source)
	at com.naryx.tagfusion.cfm.file.cfmlFileCache._getCfmlFile(Unknown Source)
	at com.naryx.tagfusion.cfm.file.cfmlFileCache.getCfmlFile(Unknown Source)
	at com.naryx.tagfusion.cfm.engine.cfSession.getFile(Unknown Source)
	at com.naryx.tagfusion.cfm.engine.cfSession.getUriFile(Unknown Source)
	at com.naryx.tagfusion.cfm.engine.cfSession.getRequestFile(Unknown Source)
	at com.naryx.tagfusion.cfm.engine.cfEngine.service(Unknown Source)
	at com.naryx.tagfusion.cfm.cfServlet.service(Unknown Source)
	at javax.servlet.http.HttpServlet.service(HttpServlet.java:820)
	at org.eclipse.jetty.servlet.ServletHolder.handle(ServletHolder.java:534)
	at org.eclipse.jetty.servlet.ServletHandler.doHandle(ServletHandler.java:475)
	at org.eclipse.jetty.server.handler.ScopedHandler.handle(ScopedHandler.java:119)
	at org.eclipse.jetty.security.SecurityHandler.handle(SecurityHandler.java:516)
	at org.eclipse.jetty.server.session.SessionHandler.doHandle(SessionHandler.java:226)
	at org.eclipse.jetty.server.handler.ContextHandler.doHandle(ContextHandler.java:929)
	at org.eclipse.jetty.servlet.ServletHandler.doScope(ServletHandler.java:403)
	at org.eclipse.jetty.server.session.SessionHandler.doScope(SessionHandler.java:184)
	at org.eclipse.jetty.server.handler.ContextHandler.doScope(ContextHandler.java:864)
	at org.eclipse.jetty.server.handler.ScopedHandler.handle(ScopedHandler.java:117)
	at org.eclipse.jetty.server.handler.HandlerWrapper.handle(HandlerWrapper.java:114)
	at org.eclipse.jetty.server.Server.handle(Server.java:352)
	at org.eclipse.jetty.server.HttpConnection.handleRequest(HttpConnection.java:596)
	at org.eclipse.jetty.server.HttpConnection$RequestHandler.headerComplete(HttpConnection.java:1051)
	at org.eclipse.jetty.http.HttpParser.parseNext(HttpParser.java:590)
	at org.eclipse.jetty.http.HttpParser.parseAvailable(HttpParser.java:212)
	at org.eclipse.jetty.server.HttpConnection.handle(HttpConnection.java:426)
	at org.eclipse.jetty.io.nio.SelectChannelEndPoint.handle(SelectChannelEndPoint.java:508)
	at org.eclipse.jetty.io.nio.SelectChannelEndPoint.access$000(SelectChannelEndPoint.java:34)
	at org.eclipse.jetty.io.nio.SelectChannelEndPoint$1.run(SelectChannelEndPoint.java:40)
	at org.eclipse.jetty.util.thread.QueuedThreadPool$2.run(QueuedThreadPool.java:451)
	at java.lang.Thread.run(Unknown Source)

09/03/12 20:13.32: NoViableAltException(106@[391:1: statement : ( tryCatchStatement | ifStatement | whileStatement | doWhileStatement | forStatement | switchStatement | CONTINUE SEMICOLON | BREAK SEMICOLON | returnStatement | tagOperatorStatement | compoundStatement | localAssignmentExpression SEMICOLON | SEMICOLON );])
	at com.naryx.tagfusion.cfm.parser.CFMLParser$DFA16.specialStateTransition(Unknown Source)
	at org.antlr.runtime.DFA.predict(DFA.java:80)
	at com.naryx.tagfusion.cfm.parser.CFMLParser.statement(Unknown Source)
	at com.naryx.tagfusion.cfm.parser.CFMLParser.element(Unknown Source)
	at com.naryx.tagfusion.cfm.parser.CFMLParser.scriptBlock(Unknown Source)
	at com.naryx.tagfusion.cfm.tag.cfParseTag.readCFSCRIPT(Unknown Source)
	at com.naryx.tagfusion.cfm.tag.cfParseTag.createTag(Unknown Source)
	at com.naryx.tagfusion.cfm.tag.cfParseTag.determineCFtag(Unknown Source)
	at com.naryx.tagfusion.cfm.tag.cfParseTag.readTag(Unknown Source)
	at com.naryx.tagfusion.cfm.tag.cfParseTag.readTag(Unknown Source)
	at com.naryx.tagfusion.cfm.file.cfFile.readFile(Unknown Source)
	at com.naryx.tagfusion.cfm.file.cfFile.<init>(Unknown Source)
	at com.naryx.tagfusion.cfm.file.cfFileEncoding.findProcessingDirective(Unknown Source)
	at com.naryx.tagfusion.cfm.file.cfFileEncoding.init(Unknown Source)
	at com.naryx.tagfusion.cfm.file.cfFileEncoding.init(Unknown Source)
	at com.naryx.tagfusion.cfm.file.cfFileEncoding.init(Unknown Source)
	at com.naryx.tagfusion.cfm.file.cfFileEncoding.<init>(Unknown Source)
	at com.naryx.tagfusion.cfm.file.cfmlFileCache.getReader(Unknown Source)
	at com.naryx.tagfusion.cfm.engine.cfmRunTimeException.printSourceCode(Unknown Source)
	at com.naryx.tagfusion.cfm.engine.cfmRunTimeException.printSubErrors(Unknown Source)
	at com.naryx.tagfusion.cfm.engine.cfmBadFileException.handleException(Unknown Source)
	at com.naryx.tagfusion.cfm.engine.cfEngine.service(Unknown Source)
	at com.naryx.tagfusion.cfm.cfServlet.service(Unknown Source)
	at javax.servlet.http.HttpServlet.service(HttpServlet.java:820)
	at org.eclipse.jetty.servlet.ServletHolder.handle(ServletHolder.java:534)
	at org.eclipse.jetty.servlet.ServletHandler.doHandle(ServletHandler.java:475)
	at org.eclipse.jetty.server.handler.ScopedHandler.handle(ScopedHandler.java:119)
	at org.eclipse.jetty.security.SecurityHandler.handle(SecurityHandler.java:516)
	at org.eclipse.jetty.server.session.SessionHandler.doHandle(SessionHandler.java:226)
	at org.eclipse.jetty.server.handler.ContextHandler.doHandle(ContextHandler.java:929)
	at org.eclipse.jetty.servlet.ServletHandler.doScope(ServletHandler.java:403)
	at org.eclipse.jetty.server.session.SessionHandler.doScope(SessionHandler.java:184)
	at org.eclipse.jetty.server.handler.ContextHandler.doScope(ContextHandler.java:864)
	at org.eclipse.jetty.server.handler.ScopedHandler.handle(ScopedHandler.java:117)
	at org.eclipse.jetty.server.handler.HandlerWrapper.handle(HandlerWrapper.java:114)
	at org.eclipse.jetty.server.Server.handle(Server.java:352)
	at org.eclipse.jetty.server.HttpConnection.handleRequest(HttpConnection.java:596)
	at org.eclipse.jetty.server.HttpConnection$RequestHandler.headerComplete(HttpConnection.java:1051)
	at org.eclipse.jetty.http.HttpParser.parseNext(HttpParser.java:590)
	at org.eclipse.jetty.http.HttpParser.parseAvailable(HttpParser.java:212)
	at org.eclipse.jetty.server.HttpConnection.handle(HttpConnection.java:426)
	at org.eclipse.jetty.io.nio.SelectChannelEndPoint.handle(SelectChannelEndPoint.java:508)
	at org.eclipse.jetty.io.nio.SelectChannelEndPoint.access$000(SelectChannelEndPoint.java:34)
	at org.eclipse.jetty.io.nio.SelectChannelEndPoint$1.run(SelectChannelEndPoint.java:40)
	at org.eclipse.jetty.util.thread.QueuedThreadPool$2.run(QueuedThreadPool.java:451)
	at java.lang.Thread.run(Unknown Source)

09/03/12 20:13.33: NoViableAltException(106@[391:1: statement : ( tryCatchStatement | ifStatement | whileStatement | doWhileStatement | forStatement | switchStatement | CONTINUE SEMICOLON | BREAK SEMICOLON | returnStatement | tagOperatorStatement | compoundStatement | localAssignmentExpression SEMICOLON | SEMICOLON );])
	at com.naryx.tagfusion.cfm.parser.CFMLParser$DFA16.specialStateTransition(Unknown Source)
	at org.antlr.runtime.DFA.predict(DFA.java:80)
	at com.naryx.tagfusion.cfm.parser.CFMLParser.statement(Unknown Source)
	at com.naryx.tagfusion.cfm.parser.CFMLParser.element(Unknown Source)
	at com.naryx.tagfusion.cfm.parser.CFMLParser.scriptBlock(Unknown Source)
	at com.naryx.tagfusion.cfm.tag.cfParseTag.readCFSCRIPT(Unknown Source)
	at com.naryx.tagfusion.cfm.tag.cfParseTag.createTag(Unknown Source)
	at com.naryx.tagfusion.cfm.tag.cfParseTag.determineCFtag(Unknown Source)
	at com.naryx.tagfusion.cfm.tag.cfParseTag.readTag(Unknown Source)
	at com.naryx.tagfusion.cfm.tag.cfParseTag.readTag(Unknown Source)
	at com.naryx.tagfusion.cfm.file.cfFile.readFile(Unknown Source)
	at com.naryx.tagfusion.cfm.file.cfFile.<init>(Unknown Source)
	at com.naryx.tagfusion.cfm.file.cfFileEncoding.findProcessingDirective(Unknown Source)
	at com.naryx.tagfusion.cfm.file.cfFileEncoding.init(Unknown Source)
	at com.naryx.tagfusion.cfm.file.cfFileEncoding.init(Unknown Source)
	at com.naryx.tagfusion.cfm.file.cfFileEncoding.init(Unknown Source)
	at com.naryx.tagfusion.cfm.file.cfFileEncoding.<init>(Unknown Source)
	at com.naryx.tagfusion.cfm.file.cfFile.<init>(Unknown Source)
	at com.naryx.tagfusion.cfm.file.cfmlFileCache._getCfmlFile2(Unknown Source)
	at com.naryx.tagfusion.cfm.file.cfmlFileCache._getCfmlFile(Unknown Source)
	at com.naryx.tagfusion.cfm.file.cfmlFileCache.getCfmlFile(Unknown Source)
	at com.naryx.tagfusion.cfm.engine.cfSession.getFile(Unknown Source)
	at com.naryx.tagfusion.cfm.engine.cfSession.getUriFile(Unknown Source)
	at com.naryx.tagfusion.cfm.engine.cfSession.getRequestFile(Unknown Source)
	at com.naryx.tagfusion.cfm.engine.cfEngine.service(Unknown Source)
	at com.naryx.tagfusion.cfm.cfServlet.service(Unknown Source)
	at javax.servlet.http.HttpServlet.service(HttpServlet.java:820)
	at org.eclipse.jetty.servlet.ServletHolder.handle(ServletHolder.java:534)
	at org.eclipse.jetty.servlet.ServletHandler.doHandle(ServletHandler.java:475)
	at org.eclipse.jetty.server.handler.ScopedHandler.handle(ScopedHandler.java:119)
	at org.eclipse.jetty.security.SecurityHandler.handle(SecurityHandler.java:516)
	at org.eclipse.jetty.server.session.SessionHandler.doHandle(SessionHandler.java:226)
	at org.eclipse.jetty.server.handler.ContextHandler.doHandle(ContextHandler.java:929)
	at org.eclipse.jetty.servlet.ServletHandler.doScope(ServletHandler.java:403)
	at org.eclipse.jetty.server.session.SessionHandler.doScope(SessionHandler.java:184)
	at org.eclipse.jetty.server.handler.ContextHandler.doScope(ContextHandler.java:864)
	at org.eclipse.jetty.server.handler.ScopedHandler.handle(ScopedHandler.java:117)
	at org.eclipse.jetty.server.handler.HandlerWrapper.handle(HandlerWrapper.java:114)
	at org.eclipse.jetty.server.Server.handle(Server.java:352)
	at org.eclipse.jetty.server.HttpConnection.handleRequest(HttpConnection.java:596)
	at org.eclipse.jetty.server.HttpConnection$RequestHandler.headerComplete(HttpConnection.java:1051)
	at org.eclipse.jetty.http.HttpParser.parseNext(HttpParser.java:590)
	at org.eclipse.jetty.http.HttpParser.parseAvailable(HttpParser.java:212)
	at org.eclipse.jetty.server.HttpConnection.handle(HttpConnection.java:426)
	at org.eclipse.jetty.io.nio.SelectChannelEndPoint.handle(SelectChannelEndPoint.java:508)
	at org.eclipse.jetty.io.nio.SelectChannelEndPoint.access$000(SelectChannelEndPoint.java:34)
	at org.eclipse.jetty.io.nio.SelectChannelEndPoint$1.run(SelectChannelEndPoint.java:40)
	at org.eclipse.jetty.util.thread.QueuedThreadPool$2.run(QueuedThreadPool.java:451)
	at java.lang.Thread.run(Unknown Source)

09/03/12 20:13.33: NoViableAltException(106@[391:1: statement : ( tryCatchStatement | ifStatement | whileStatement | doWhileStatement | forStatement | switchStatement | CONTINUE SEMICOLON | BREAK SEMICOLON | returnStatement | tagOperatorStatement | compoundStatement | localAssignmentExpression SEMICOLON | SEMICOLON );])
	at com.naryx.tagfusion.cfm.parser.CFMLParser$DFA16.specialStateTransition(Unknown Source)
	at org.antlr.runtime.DFA.predict(DFA.java:80)
	at com.naryx.tagfusion.cfm.parser.CFMLParser.statement(Unknown Source)
	at com.naryx.tagfusion.cfm.parser.CFMLParser.element(Unknown Source)
	at com.naryx.tagfusion.cfm.parser.CFMLParser.scriptBlock(Unknown Source)
	at com.naryx.tagfusion.cfm.tag.cfParseTag.readCFSCRIPT(Unknown Source)
	at com.naryx.tagfusion.cfm.tag.cfParseTag.createTag(Unknown Source)
	at com.naryx.tagfusion.cfm.tag.cfParseTag.determineCFtag(Unknown Source)
	at com.naryx.tagfusion.cfm.tag.cfParseTag.readTag(Unknown Source)
	at com.naryx.tagfusion.cfm.tag.cfParseTag.readTag(Unknown Source)
	at com.naryx.tagfusion.cfm.file.cfFile.readFile(Unknown Source)
	at com.naryx.tagfusion.cfm.file.cfFile.<init>(Unknown Source)
	at com.naryx.tagfusion.cfm.file.cfmlFileCache._getCfmlFile2(Unknown Source)
	at com.naryx.tagfusion.cfm.file.cfmlFileCache._getCfmlFile(Unknown Source)
	at com.naryx.tagfusion.cfm.file.cfmlFileCache.getCfmlFile(Unknown Source)
	at com.naryx.tagfusion.cfm.engine.cfSession.getFile(Unknown Source)
	at com.naryx.tagfusion.cfm.engine.cfSession.getUriFile(Unknown Source)
	at com.naryx.tagfusion.cfm.engine.cfSession.getRequestFile(Unknown Source)
	at com.naryx.tagfusion.cfm.engine.cfEngine.service(Unknown Source)
	at com.naryx.tagfusion.cfm.cfServlet.service(Unknown Source)
	at javax.servlet.http.HttpServlet.service(HttpServlet.java:820)
	at org.eclipse.jetty.servlet.ServletHolder.handle(ServletHolder.java:534)
	at org.eclipse.jetty.servlet.ServletHandler.doHandle(ServletHandler.java:475)
	at org.eclipse.jetty.server.handler.ScopedHandler.handle(ScopedHandler.java:119)
	at org.eclipse.jetty.security.SecurityHandler.handle(SecurityHandler.java:516)
	at org.eclipse.jetty.server.session.SessionHandler.doHandle(SessionHandler.java:226)
	at org.eclipse.jetty.server.handler.ContextHandler.doHandle(ContextHandler.java:929)
	at org.eclipse.jetty.servlet.ServletHandler.doScope(ServletHandler.java:403)
	at org.eclipse.jetty.server.session.SessionHandler.doScope(SessionHandler.java:184)
	at org.eclipse.jetty.server.handler.ContextHandler.doScope(ContextHandler.java:864)
	at org.eclipse.jetty.server.handler.ScopedHandler.handle(ScopedHandler.java:117)
	at org.eclipse.jetty.server.handler.HandlerWrapper.handle(HandlerWrapper.java:114)
	at org.eclipse.jetty.server.Server.handle(Server.java:352)
	at org.eclipse.jetty.server.HttpConnection.handleRequest(HttpConnection.java:596)
	at org.eclipse.jetty.server.HttpConnection$RequestHandler.headerComplete(HttpConnection.java:1051)
	at org.eclipse.jetty.http.HttpParser.parseNext(HttpParser.java:590)
	at org.eclipse.jetty.http.HttpParser.parseAvailable(HttpParser.java:212)
	at org.eclipse.jetty.server.HttpConnection.handle(HttpConnection.java:426)
	at org.eclipse.jetty.io.nio.SelectChannelEndPoint.handle(SelectChannelEndPoint.java:508)
	at org.eclipse.jetty.io.nio.SelectChannelEndPoint.access$000(SelectChannelEndPoint.java:34)
	at org.eclipse.jetty.io.nio.SelectChannelEndPoint$1.run(SelectChannelEndPoint.java:40)
	at org.eclipse.jetty.util.thread.QueuedThreadPool$2.run(QueuedThreadPool.java:451)
	at java.lang.Thread.run(Unknown Source)

09/03/12 20:13.33: NoViableAltException(106@[391:1: statement : ( tryCatchStatement | ifStatement | whileStatement | doWhileStatement | forStatement | switchStatement | CONTINUE SEMICOLON | BREAK SEMICOLON | returnStatement | tagOperatorStatement | compoundStatement | localAssignmentExpression SEMICOLON | SEMICOLON );])
	at com.naryx.tagfusion.cfm.parser.CFMLParser$DFA16.specialStateTransition(Unknown Source)
	at org.antlr.runtime.DFA.predict(DFA.java:80)
	at com.naryx.tagfusion.cfm.parser.CFMLParser.statement(Unknown Source)
	at com.naryx.tagfusion.cfm.parser.CFMLParser.element(Unknown Source)
	at com.naryx.tagfusion.cfm.parser.CFMLParser.scriptBlock(Unknown Source)
	at com.naryx.tagfusion.cfm.tag.cfParseTag.readCFSCRIPT(Unknown Source)
	at com.naryx.tagfusion.cfm.tag.cfParseTag.createTag(Unknown Source)
	at com.naryx.tagfusion.cfm.tag.cfParseTag.determineCFtag(Unknown Source)
	at com.naryx.tagfusion.cfm.tag.cfParseTag.readTag(Unknown Source)
	at com.naryx.tagfusion.cfm.tag.cfParseTag.readTag(Unknown Source)
	at com.naryx.tagfusion.cfm.file.cfFile.readFile(Unknown Source)
	at com.naryx.tagfusion.cfm.file.cfFile.<init>(Unknown Source)
	at com.naryx.tagfusion.cfm.file.cfFileEncoding.findProcessingDirective(Unknown Source)
	at com.naryx.tagfusion.cfm.file.cfFileEncoding.init(Unknown Source)
	at com.naryx.tagfusion.cfm.file.cfFileEncoding.init(Unknown Source)
	at com.naryx.tagfusion.cfm.file.cfFileEncoding.init(Unknown Source)
	at com.naryx.tagfusion.cfm.file.cfFileEncoding.<init>(Unknown Source)
	at com.naryx.tagfusion.cfm.file.cfmlFileCache.getReader(Unknown Source)
	at com.naryx.tagfusion.cfm.engine.cfmRunTimeException.printSourceCode(Unknown Source)
	at com.naryx.tagfusion.cfm.engine.cfmRunTimeException.printSubErrors(Unknown Source)
	at com.naryx.tagfusion.cfm.engine.cfmBadFileException.handleException(Unknown Source)
	at com.naryx.tagfusion.cfm.engine.cfEngine.service(Unknown Source)
	at com.naryx.tagfusion.cfm.cfServlet.service(Unknown Source)
	at javax.servlet.http.HttpServlet.service(HttpServlet.java:820)
	at org.eclipse.jetty.servlet.ServletHolder.handle(ServletHolder.java:534)
	at org.eclipse.jetty.servlet.ServletHandler.doHandle(ServletHandler.java:475)
	at org.eclipse.jetty.server.handler.ScopedHandler.handle(ScopedHandler.java:119)
	at org.eclipse.jetty.security.SecurityHandler.handle(SecurityHandler.java:516)
	at org.eclipse.jetty.server.session.SessionHandler.doHandle(SessionHandler.java:226)
	at org.eclipse.jetty.server.handler.ContextHandler.doHandle(ContextHandler.java:929)
	at org.eclipse.jetty.servlet.ServletHandler.doScope(ServletHandler.java:403)
	at org.eclipse.jetty.server.session.SessionHandler.doScope(SessionHandler.java:184)
	at org.eclipse.jetty.server.handler.ContextHandler.doScope(ContextHandler.java:864)
	at org.eclipse.jetty.server.handler.ScopedHandler.handle(ScopedHandler.java:117)
	at org.eclipse.jetty.server.handler.HandlerWrapper.handle(HandlerWrapper.java:114)
	at org.eclipse.jetty.server.Server.handle(Server.java:352)
	at org.eclipse.jetty.server.HttpConnection.handleRequest(HttpConnection.java:596)
	at org.eclipse.jetty.server.HttpConnection$RequestHandler.headerComplete(HttpConnection.java:1051)
	at org.eclipse.jetty.http.HttpParser.parseNext(HttpParser.java:590)
	at org.eclipse.jetty.http.HttpParser.parseAvailable(HttpParser.java:212)
	at org.eclipse.jetty.server.HttpConnection.handle(HttpConnection.java:426)
	at org.eclipse.jetty.io.nio.SelectChannelEndPoint.handle(SelectChannelEndPoint.java:508)
	at org.eclipse.jetty.io.nio.SelectChannelEndPoint.access$000(SelectChannelEndPoint.java:34)
	at org.eclipse.jetty.io.nio.SelectChannelEndPoint$1.run(SelectChannelEndPoint.java:40)
	at org.eclipse.jetty.util.thread.QueuedThreadPool$2.run(QueuedThreadPool.java:451)
	at java.lang.Thread.run(Unknown Source)

09/03/12 21:26.04: cfApplicationManager.createApp: openbdmanual
